0 info it worked if it ends with ok
1 verbose cli [ '/usr/local/bin/node',
1 verbose cli   '/usr/local/bin/npm',
1 verbose cli   'install',
1 verbose cli   'bower' ]
2 info using npm@3.10.10
3 info using node@v6.10.3
4 verbose config Skipping project config: /Users/AlexP/.npmrc. (matches userconfig)
5 silly loadCurrentTree Starting
6 silly install loadCurrentTree
7 silly install readLocalPackageData
8 silly fetchPackageMetaData bower
9 silly fetchNamedPackageData bower
10 silly mapToRegistry name bower
11 silly mapToRegistry using default registry
12 silly mapToRegistry registry https://registry.npmjs.org/
13 silly mapToRegistry data Result {
13 silly mapToRegistry   raw: 'bower',
13 silly mapToRegistry   scope: null,
13 silly mapToRegistry   escapedName: 'bower',
13 silly mapToRegistry   name: 'bower',
13 silly mapToRegistry   rawSpec: '',
13 silly mapToRegistry   spec: 'latest',
13 silly mapToRegistry   type: 'tag' }
14 silly mapToRegistry uri https://registry.npmjs.org/bower
15 verbose request uri https://registry.npmjs.org/bower
16 verbose request no auth needed
17 info attempt registry request try #1 at 7:57:53 AM
18 verbose request id dd82b3164b369c1f
19 http request GET https://registry.npmjs.org/bower
20 http 200 https://registry.npmjs.org/bower
21 verbose headers { server: 'nginx/1.10.1',
21 verbose headers   'content-type': 'application/json',
21 verbose headers   'last-modified': 'Wed, 28 Jun 2017 19:04:20 GMT',
21 verbose headers   etag: 'W/"5953fdb4-31fa9"',
21 verbose headers   'content-encoding': 'gzip',
21 verbose headers   'cache-control': 'max-age=300',
21 verbose headers   'content-length': '17319',
21 verbose headers   'accept-ranges': 'bytes',
21 verbose headers   date: 'Tue, 04 Jul 2017 11:57:22 GMT',
21 verbose headers   via: '1.1 varnish',
21 verbose headers   age: '31',
21 verbose headers   connection: 'keep-alive',
21 verbose headers   'x-served-by': 'cache-bos8232-BOS',
21 verbose headers   'x-cache': 'HIT',
21 verbose headers   'x-cache-hits': '1',
21 verbose headers   'x-timer': 'S1499169443.525240,VS0,VE0',
21 verbose headers   vary: 'Accept-Encoding' }
22 silly get cb [ 200,
22 silly get   { server: 'nginx/1.10.1',
22 silly get     'content-type': 'application/json',
22 silly get     'last-modified': 'Wed, 28 Jun 2017 19:04:20 GMT',
22 silly get     etag: 'W/"5953fdb4-31fa9"',
22 silly get     'content-encoding': 'gzip',
22 silly get     'cache-control': 'max-age=300',
22 silly get     'content-length': '17319',
22 silly get     'accept-ranges': 'bytes',
22 silly get     date: 'Tue, 04 Jul 2017 11:57:22 GMT',
22 silly get     via: '1.1 varnish',
22 silly get     age: '31',
22 silly get     connection: 'keep-alive',
22 silly get     'x-served-by': 'cache-bos8232-BOS',
22 silly get     'x-cache': 'HIT',
22 silly get     'x-cache-hits': '1',
22 silly get     'x-timer': 'S1499169443.525240,VS0,VE0',
22 silly get     vary: 'Accept-Encoding' } ]
23 verbose get saving bower to /Users/AlexP/.npm/registry.npmjs.org/bower/.cache.json
24 verbose correctMkdir /Users/AlexP/.npm correctMkdir not in flight; initializing
25 silly install normalizeTree
26 silly loadCurrentTree Finishing
27 silly loadIdealTree Starting
28 silly install loadIdealTree
29 silly cloneCurrentTree Starting
30 silly install cloneCurrentTreeToIdealTree
31 silly cloneCurrentTree Finishing
32 silly loadShrinkwrap Starting
33 silly install loadShrinkwrap
34 silly loadShrinkwrap Finishing
35 silly loadAllDepsIntoIdealTree Starting
36 silly install loadAllDepsIntoIdealTree
37 silly resolveWithNewModule bower@1.8.0 checking installable status
38 silly cache add args [ 'bower', null ]
39 verbose cache add spec bower
40 silly cache add parsed spec Result {
40 silly cache add   raw: 'bower',
40 silly cache add   scope: null,
40 silly cache add   escapedName: 'bower',
40 silly cache add   name: 'bower',
40 silly cache add   rawSpec: '',
40 silly cache add   spec: 'latest',
40 silly cache add   type: 'tag' }
41 silly addNamed bower@latest
42 verbose addNamed "latest" is being treated as a dist-tag for bower
43 info addNameTag [ 'bower', 'latest' ]
44 silly mapToRegistry name bower
45 silly mapToRegistry using default registry
46 silly mapToRegistry registry https://registry.npmjs.org/
47 silly mapToRegistry data Result {
47 silly mapToRegistry   raw: 'bower',
47 silly mapToRegistry   scope: null,
47 silly mapToRegistry   escapedName: 'bower',
47 silly mapToRegistry   name: 'bower',
47 silly mapToRegistry   rawSpec: '',
47 silly mapToRegistry   spec: 'latest',
47 silly mapToRegistry   type: 'tag' }
48 silly mapToRegistry uri https://registry.npmjs.org/bower
49 verbose addNameTag registry:https://registry.npmjs.org/bower not in flight; fetching
50 verbose get https://registry.npmjs.org/bower not expired, no request
51 silly addNameTag next cb for bower with tag latest
52 silly addNamed bower@1.8.0
53 verbose addNamed "1.8.0" is a plain semver version for bower
54 warn deprecated bower@1.8.0: ..psst! While Bower is maintained, we recommend Yarn and Webpack for *new* front-end projects! Yarn's advantage is security and reliability, and Webpack's is support for both CommonJS and AMD projects. Currently there's no migration path, but please help to create it: https://github.com/bower/bower/issues/2467
55 silly mapToRegistry name bower
56 silly mapToRegistry using default registry
57 silly mapToRegistry registry https://registry.npmjs.org/
58 silly mapToRegistry data Result {
58 silly mapToRegistry   raw: 'bower',
58 silly mapToRegistry   scope: null,
58 silly mapToRegistry   escapedName: 'bower',
58 silly mapToRegistry   name: 'bower',
58 silly mapToRegistry   rawSpec: '',
58 silly mapToRegistry   spec: 'latest',
58 silly mapToRegistry   type: 'tag' }
59 silly mapToRegistry uri https://registry.npmjs.org/bower
60 verbose addRemoteTarball https://registry.npmjs.org/bower/-/bower-1.8.0.tgz not in flight; adding
61 verbose addRemoteTarball [ 'https://registry.npmjs.org/bower/-/bower-1.8.0.tgz',
61 verbose addRemoteTarball   '55dbebef0ad9155382d9e9d3e497c1372345b44a' ]
62 info retry fetch attempt 1 at 7:57:54 AM
63 info attempt registry request try #1 at 7:57:54 AM
64 http fetch GET https://registry.npmjs.org/bower/-/bower-1.8.0.tgz
65 http fetch 200 https://registry.npmjs.org/bower/-/bower-1.8.0.tgz
66 silly fetchAndShaCheck shasum 55dbebef0ad9155382d9e9d3e497c1372345b44a
67 verbose addTmpTarball /var/folders/_q/0n4gg_1s5ll4h_0q8n0kxrc00000gn/T/npm-94893-92714bea/registry.npmjs.org/bower/-/bower-1.8.0.tgz not in flight; adding
68 verbose addTmpTarball already have metadata; skipping unpack for bower@1.8.0
69 verbose correctMkdir /Users/AlexP/.npm correctMkdir not in flight; initializing
70 silly cache afterAdd bower@1.8.0
71 verbose afterAdd /Users/AlexP/.npm/bower/1.8.0/package/package.json not in flight; writing
72 verbose correctMkdir /Users/AlexP/.npm correctMkdir not in flight; initializing
73 verbose afterAdd /Users/AlexP/.npm/bower/1.8.0/package/package.json written
74 silly loadAllDepsIntoIdealTree Finishing
75 silly loadIdealTree Finishing
76 silly currentTree AlexP
77 silly idealTree AlexP
77 silly idealTree └── bower@1.8.0
78 silly generateActionsToTake Starting
79 silly install generateActionsToTake
80 warn checkPermissions Missing write access to /Users/AlexP/node_modules
81 silly rollbackFailedOptional Starting
82 silly rollbackFailedOptional Finishing
83 silly runTopLevelLifecycles Finishing
84 silly install printInstalled
85 warn enoent ENOENT: no such file or directory, open '/Users/AlexP/package.json'
86 verbose enoent ENOENT: no such file or directory, open '/Users/AlexP/package.json'
86 verbose enoent This is most likely not a problem with npm itself
86 verbose enoent and is related to npm not being able to find a file.
87 warn AlexP No description
88 verbose If you need help, you may report this error at:
88 verbose     <https://github.com/npm/npm/issues>
89 warn AlexP No repository field.
90 verbose If you need help, you may report this error at:
90 verbose     <https://github.com/npm/npm/issues>
91 warn AlexP No README data
92 verbose If you need help, you may report this error at:
92 verbose     <https://github.com/npm/npm/issues>
93 warn AlexP No license field.
94 verbose If you need help, you may report this error at:
94 verbose     <https://github.com/npm/npm/issues>
95 verbose stack Error: EACCES: permission denied, access '/Users/AlexP/node_modules'
95 verbose stack     at Error (native)
96 verbose cwd /Users/AlexP/Documents/Undergrad/TAMID/Website
97 error Darwin 16.6.0
98 error argv "/usr/local/bin/node" "/usr/local/bin/npm" "install" "bower"
99 error node v6.10.3
100 error npm  v3.10.10
101 error path /Users/AlexP/node_modules
102 error code EACCES
103 error errno -13
104 error syscall access
105 error Error: EACCES: permission denied, access '/Users/AlexP/node_modules'
105 error     at Error (native)
105 error  { Error: EACCES: permission denied, access '/Users/AlexP/node_modules'
105 error     at Error (native)
105 error   errno: -13,
105 error   code: 'EACCES',
105 error   syscall: 'access',
105 error   path: '/Users/AlexP/node_modules' }
106 error Please try running this command again as root/Administrator.
107 verbose exit [ -13, true ]
